Trying to open: config_qa_automation.json
Stream 17374 Response: 200, {'status': 200, 'description': 'Operation successful', 'response_time': '2025-04-03T14:15:01.4675183Z', 'data': {'Id': 3546987534723241}}
200
object:[{'objectId': 3546987534723241, 'streamId': 17374, 'subStreamId': 35645, 'streamProviderId': 'c3c8bc1c40e34453a8bd33ceb82a1195automationqa_wisp@wispp.com', 'streamProviderType': 4, 'user_identity': 591995, 'firstName': None, 'lastName': None, 'userStreamProviderId': 'tal.sa@commbox.io', 'userStreamProviderType': 5, 'content': '{"bank_id":123,"branch_id":456,"account_id":789,"first_message_sending_failure":true}', 'message': 'first message from the agent create object', 'createdTime': '2025-04-03T14:15:01', 'updatedTime': '2025-04-03T14:15:01', 'closedTime': None, 'firstResponseTime': None, 'lastResponseTime': None, 'statusId': 2, 'assignedManagerId': 0, 'lastAssignedManagerId': 0, 'type': 4, 'user': {'id': 5417237, 'uniqueId': '999', 'phone1': '9729999', 'phone2': '', 'email': 'kuku.kuku@commbox.io', 'firstName': 'moshe', 'lastName': 'cohen', 'gender': '', 'numberIdentities': 1, 'locale': '', 'birthday': '', 'remarks': 'some remark for user', 'content': '{}'}, 'isManager': False, 'childs': [], 'activityLogs': [], 'tagsObjectId': [], 'customerParticipants': None}]

JSON data has been written to conversation.json
Stream 17374 Response: 200, {'status': 200, 'description': 'Operation successful', 'response_time': '2025-04-03T14:15:02.9754989Z', 'data': {'id': 1326562}}
Stream 17374 Response: 200, {'status': 200, 'description': 'Operation successful', 'response_time': '2025-04-03T14:15:03.8384523Z', 'data': {'id': 1326563}}
Stream 17374 Response: 200, {'status': 200, 'description': 'Operation successful', 'response_time': '2025-04-03T14:15:04.2053617Z', 'data': {'id': 1326564}}
Stream 17374 Response: 200, {'status': 200, 'description': 'Operation successful', 'response_time': '2025-04-03T14:15:04.9217716Z', 'data': {'id': 1326565}}
Stream 17374 Response: 200, {'status': 200, 'description': 'Operation successful', 'response_time': '2025-04-03T14:15:05.3440078Z', 'data': {'id': 1326566}}
Stream 17374 Response: 200, {'status': 200, 'description': 'Operation successful', 'response_time': '2025-04-03T14:15:06.0194074Z', 'data': {'id': 1326567}}
Stream 17374 Response: 200, {'status': 200, 'description': 'Operation successful', 'response_time': '2025-04-03T14:15:06.4293694Z', 'data': {'id': 1326568}}
Stream 17374 Response: 200, {'status': 200, 'description': 'Operation successful', 'response_time': '2025-04-03T14:15:07.0230776Z', 'data': {'id': 1326569}}
Stream 17374 Response: 200, {'status': 200, 'description': 'Operation successful', 'response_time': '2025-04-03T14:15:07.3867911Z', 'data': {'id': 1326570}}
Stream 17374 Response: 200, {'status': 200, 'description': 'Operation successful', 'response_time': '2025-04-03T14:15:08.0230845Z', 'data': {'id': 1326571}}
Stream 17374 Response: 200, {'status': 200, 'description': 'Operation successful', 'response_time': '2025-04-03T14:15:08.4777976Z', 'data': {'id': 1326572}}
Stream 17374 Response: 200, {'status': 200, 'description': 'Operation successful', 'response_time': '2025-04-03T14:15:09.2473889Z', 'data': {'id': 1326573}}
Stream 17374 Response: 200, {'status': 200, 'description': 'Operation successful', 'response_time': '2025-04-03T14:15:09.7108061Z', 'data': {'id': 1326574}}
Stream 17374 Response: 200, {'status': 200, 'description': 'Operation successful', 'response_time': '2025-04-03T14:15:10.3599457Z', 'data': {'id': 1326575}}
Stream 17374 Response: 200, {'status': 200, 'description': 'Operation successful', 'response_time': '2025-04-03T14:15:10.9946073Z', 'data': {'id': 1326576}}
Stream 17374 Response: 200, {'status': 200, 'description': 'Operation successful', 'response_time': '2025-04-03T14:15:11.644017Z', 'data': {'id': 1326577}}
Stream 17374 Response: 200, {'status': 200, 'description': 'Operation successful', 'response_time': '2025-04-03T14:15:11.9845603Z', 'data': {'id': 1326578}}
Stream 17374 Response: 200, {'status': 200, 'description': 'Operation successful', 'response_time': '2025-04-03T14:15:12.751866Z', 'data': {'id': 1326579}}
Stream 17374 Response: 200, {'status': 200, 'description': 'Operation successful', 'response_time': '2025-04-03T14:15:13.1477841Z', 'data': {'id': 1326580}}
Stream 17374 Response: 200, {'status': 200, 'description': 'Operation successful', 'response_time': '2025-04-03T14:15:13.7646159Z', 'data': {'id': 1326581}}
Stream 17374 Response: 200, {'status': 200, 'description': 'Operation successful', 'response_time': '2025-04-03T14:15:14.1472027Z', 'data': {'id': 1326582}}
Stream 17374 Response: 200, {'status': 200, 'description': 'Operation successful', 'response_time': '2025-04-03T14:15:14.8200316Z', 'data': {'id': 1326583}}
Stream 17374 Response: 200, {'status': 200, 'description': 'Operation successful', 'response_time': '2025-04-03T14:15:15.1870573Z', 'data': {'id': 1326584}}
Stream 17374 Response: 200, {'status': 200, 'description': 'Operation successful', 'response_time': '2025-04-03T14:15:16.8777041Z', 'data': {'id': 1326585}}
Stream 17374 Response: 200, {'status': 200, 'description': 'Operation successful', 'response_time': '2025-04-03T14:15:17.2704937Z', 'data': {'id': 1326586}}
Stream 17374 Response: 200, {'status': 200, 'description': 'Operation successful', 'response_time': '2025-04-03T14:15:17.9016617Z', 'data': {'id': 1326587}}
Stream 17374 Response: 200, {'status': 200, 'description': 'Operation successful', 'response_time': '2025-04-03T14:15:18.2591816Z', 'data': {'id': 1326588}}
Stream 17374 Response: 200, {'status': 200, 'description': 'Operation successful', 'response_time': '2025-04-03T14:15:19.1752456Z', 'data': {'id': 1326589}}
Stream 17374 Response: 200, {'status': 200, 'description': 'Operation successful', 'response_time': '2025-04-03T14:15:19.518711Z', 'data': {'id': 1326590}}
Stream 17374 Response: 200, {'status': 200, 'description': 'Operation successful', 'response_time': '2025-04-03T14:15:20.2035214Z', 'data': {'id': 1326591}}
Stream 17374 Response: 200, {'status': 200, 'description': 'Operation successful', 'response_time': '2025-04-03T14:15:21.0508684Z', 'data': {'id': 1326592}}
Stream 17374 Response: 200, {'status': 200, 'description': 'Operation successful', 'response_time': '2025-04-03T14:15:21.6818922Z', 'data': {'id': 1326593}}
Stream 17374 Response: 200, {'status': 200, 'description': 'Operation successful', 'response_time': '2025-04-03T14:15:22.0408883Z', 'data': {'id': 1326594}}
Stream 17374 Response: 200, {'status': 200, 'description': 'Operation successful', 'response_time': '2025-04-03T14:15:22.7251449Z', 'data': {'id': 1326595}}
Stream 17374 Response: 200, {'status': 200, 'description': 'Operation successful', 'response_time': '2025-04-03T14:15:23.097772Z', 'data': {'id': 1326596}}
Stream 17374 Response: 200, {'status': 200, 'description': 'Operation successful', 'response_time': '2025-04-03T14:15:24.2766713Z', 'data': {'id': 1326597}}
Stream 17374 Response: 200, {'status': 200, 'description': 'Operation successful', 'response_time': '2025-04-03T14:15:24.6828367Z', 'data': {'id': 1326598}}
Stream 17374 Response: 200, {'status': 200, 'description': 'Operation successful', 'response_time': '2025-04-03T14:15:25.3342429Z', 'data': {'id': 1326599}}
Stream 17374 Response: 200, {'status': 200, 'description': 'Operation successful', 'response_time': '2025-04-03T14:15:25.6999696Z', 'data': {'id': 1326600}}
Stream 17374 Response: 200, {'status': 200, 'description': 'Operation successful', 'response_time': '2025-04-03T14:15:26.336573Z', 'data': {'id': 1326601}}
Stream 17374 Response: 200, {'status': 200, 'description': 'Operation successful', 'response_time': '2025-04-03T14:15:26.6975272Z', 'data': {'id': 1326602}}
Stream 17374 Response: 200, {'status': 200, 'description': 'Operation successful', 'response_time': '2025-04-03T14:15:27.3515218Z', 'data': {'id': 1326603}}
Stream 17374 Response: 200, {'status': 200, 'description': 'Operation successful', 'response_time': '2025-04-03T14:15:28.7076049Z', 'data': {'id': 1326604}}
Stream 17374 Response: 200, {'status': 200, 'description': 'Operation successful', 'response_time': '2025-04-03T14:15:29.6336657Z', 'data': {'id': 1326605}}
Stream 17374 Response: 200, {'status': 200, 'description': 'Operation successful', 'response_time': '2025-04-03T14:15:29.9739575Z', 'data': {'id': 1326606}}
Stream 17374 Response: 200, {'status': 200, 'description': 'Operation successful', 'response_time': '2025-04-03T14:15:30.6396806Z', 'data': {'id': 1326607}}
Stream 17374 Response: 200, {'status': 200, 'description': 'Operation successful', 'response_time': '2025-04-03T14:15:31.0633315Z', 'data': {'id': 1326608}}
Stream 17374 Response: 200, {'status': 200, 'description': 'Operation successful', 'response_time': '2025-04-03T14:15:31.9669824Z', 'data': {'id': 1326609}}
Stream 17374 Response: 200, {'status': 200, 'description': 'Operation successful', 'response_time': '2025-04-03T14:15:32.3291305Z', 'data': {'id': 1326610}}
Stream 17374 Response: 200, {'status': 200, 'description': 'Operation successful', 'response_time': '2025-04-03T14:15:33.0162343Z', 'data': {'id': 1326611}}
Stream 17374 Response: 200, {'status': 200, 'description': 'Operation successful', 'response_time': '2025-04-03T14:15:33.3596774Z', 'data': {'id': 1326612}}
Stream 17374 Response: 200, {'status': 200, 'description': 'Operation successful', 'response_time': '2025-04-03T14:15:33.9523345Z', 'data': {'id': 1326613}}
Stream 17374 Response: 200, {'status': 200, 'description': 'Operation successful', 'response_time': '2025-04-03T14:15:34.3132498Z', 'data': {'id': 1326614}}
Stream 17374 Response: 200, {'status': 200, 'description': 'Operation successful', 'response_time': '2025-04-03T14:15:34.8909611Z', 'data': {'id': 1326615}}
Stream 17374 Response: 200, {'status': 200, 'description': 'Operation successful', 'response_time': '2025-04-03T14:15:35.5316864Z', 'data': {'id': 1326616}}
Stream 17374 Response: 200, {'status': 200, 'description': 'Operation successful', 'response_time': '2025-04-03T14:15:36.2481161Z', 'data': {'id': 1326617}}
Stream 17374 Response: 200, {'status': 200, 'description': 'Operation successful', 'response_time': '2025-04-03T14:15:36.615081Z', 'data': {'id': 1326618}}
Stream 17374 Response: 200, {'status': 200, 'description': 'Operation successful', 'response_time': '2025-04-03T14:15:37.3139894Z', 'data': {'id': 1326619}}
Stream 17374 Response: 200, {'status': 200, 'description': 'Operation successful', 'response_time': '2025-04-03T14:15:37.9652193Z', 'data': {'id': 1326620}}
Stream 17374 Response: 200, {'status': 200, 'description': 'Operation successful', 'response_time': '2025-04-03T14:15:38.5280862Z', 'data': {'id': 1326621}}
Stream 17374 Response: 200, {'status': 200, 'description': 'Operation successful', 'response_time': '2025-04-03T14:15:39.4376122Z', 'data': {'id': 1326622}}
Stream 17374 Response: 200, {'status': 200, 'description': 'Operation successful', 'response_time': '2025-04-03T14:15:39.9840382Z', 'data': {'id': 1326623}}
Stream 17374 Response: 200, {'status': 200, 'description': 'Operation successful', 'response_time': '2025-04-03T14:15:40.3573377Z', 'data': {'id': 1326624}}
Stream 17374 Response: 200, {'status': 200, 'description': 'Operation successful', 'response_time': '2025-04-03T14:15:41.2434911Z', 'data': {'id': 1326625}}
Stream 17374 Response: 200, {'status': 200, 'description': 'Operation successful', 'response_time': '2025-04-03T14:15:41.6252001Z', 'data': {'id': 1326626}}
Stream 17374 Response: 200, {'status': 200, 'description': 'Operation successful', 'response_time': '2025-04-03T14:15:43.3025862Z', 'data': {'id': 1326627}}
Stream 17374 Response: 200, {'status': 200, 'description': 'Operation successful', 'response_time': '2025-04-03T14:15:43.6483586Z', 'data': {'id': 1326628}}
Stream 17374 Response: 200, {'status': 200, 'description': 'Operation successful', 'response_time': '2025-04-03T14:15:44.2647139Z', 'data': {'id': 1326629}}
Stream 17374 Response: 200, {'status': 200, 'description': 'Operation successful', 'response_time': '2025-04-03T14:15:44.6024971Z', 'data': {'id': 1326630}}
Stream 17374 Response: 200, {'status': 200, 'description': 'Operation successful', 'response_time': '2025-04-03T14:15:45.2358017Z', 'data': {'id': 1326631}}
Stream 17374 Response: 200, {'status': 200, 'description': 'Operation successful', 'response_time': '2025-04-03T14:15:46.5907709Z', 'data': {'id': 1326632}}
Stream 17374 Response: 200, {'status': 200, 'description': 'Operation successful', 'response_time': '2025-04-03T14:15:47.1762818Z', 'data': {'id': 1326633}}
Stream 17374 Response: 200, {'status': 200, 'description': 'Operation successful', 'response_time': '2025-04-03T14:15:47.5230505Z', 'data': {'id': 1326634}}
Stream 17374 Response: 200, {'status': 200, 'description': 'Operation successful', 'response_time': '2025-04-03T14:15:48.0951933Z', 'data': {'id': 1326635}}
Stream 17374 Response: 200, {'status': 200, 'description': 'Operation successful', 'response_time': '2025-04-03T14:15:48.4628631Z', 'data': {'id': 1326636}}
Stream 17374 Response: 200, {'status': 200, 'description': 'Operation successful', 'response_time': '2025-04-03T14:15:49.0432794Z', 'data': {'id': 1326637}}
Stream 17374 Response: 200, {'status': 200, 'description': 'Operation successful', 'response_time': '2025-04-03T14:15:50.4042484Z', 'data': {'id': 1326638}}
Stream 17374 Response: 200, {'status': 200, 'description': 'Operation successful', 'response_time': '2025-04-03T14:15:51.3501259Z', 'data': {'id': 1326639}}
Stream 17374 Response: 200, {'status': 200, 'description': 'Operation successful', 'response_time': '2025-04-03T14:15:52.2010137Z', 'data': {'id': 1326640}}
Stream 17374 Response: 200, {'status': 200, 'description': 'Operation successful', 'response_time': '2025-04-03T14:15:52.8292775Z', 'data': {'id': 1326641}}
Stream 17374 Response: 200, {'status': 200, 'description': 'Operation successful', 'response_time': '2025-04-03T14:15:53.1922742Z', 'data': {'id': 1326642}}
Stream 17374 Response: 200, {'status': 200, 'description': 'Operation successful', 'response_time': '2025-04-03T14:15:54.1420072Z', 'data': {'id': 1326643}}
Stream 17374 Response: 200, {'status': 200, 'description': 'Operation successful', 'response_time': '2025-04-03T14:15:54.4786457Z', 'data': {'id': 1326644}}
Stream 17374 Response: 200, {'status': 200, 'description': 'Operation successful', 'response_time': '2025-04-03T14:15:55.2584435Z', 'data': {'id': 1326645}}
Stream 17374 Response: 200, {'status': 200, 'description': 'Operation successful', 'response_time': '2025-04-03T14:15:55.6009845Z', 'data': {'id': 1326646}}
Stream 17374 Response: 200, {'status': 200, 'description': 'Operation successful', 'response_time': '2025-04-03T14:15:56.4083138Z', 'data': {'id': 1326647}}
Stream 17374 Response: 200, {'status': 200, 'description': 'Operation successful', 'response_time': '2025-04-03T14:15:56.7551436Z', 'data': {'id': 1326648}}
Stream 17374 Response: 200, {'status': 200, 'description': 'Operation successful', 'response_time': '2025-04-03T14:15:57.6550965Z', 'data': {'id': 1326649}}
Stream 17374 Response: 200, {'status': 200, 'description': 'Operation successful', 'response_time': '2025-04-03T14:15:58.0219785Z', 'data': {'id': 1326650}}
Stream 17374 Response: 200, {'status': 200, 'description': 'Operation successful', 'response_time': '2025-04-03T14:15:58.7668792Z', 'data': {'id': 1326651}}
Stream 17374 Response: 200, {'status': 200, 'description': 'Operation successful', 'response_time': '2025-04-03T14:15:59.190437Z', 'data': {'id': 1326652}}
Stream 17374 Response: 200, {'status': 200, 'description': 'Operation successful', 'response_time': '2025-04-03T14:16:01.0923634Z', 'data': {'id': 1326653}}
Stream 17374 Response: 200, {'status': 200, 'description': 'Operation successful', 'response_time': '2025-04-03T14:16:01.5473016Z', 'data': {'id': 1326654}}
Stream 17374 Response: 200, {'status': 200, 'description': 'Operation successful', 'response_time': '2025-04-03T14:16:02.2075752Z', 'data': {'id': 1326655}}
Stream 17374 Response: 200, {'status': 200, 'description': 'Operation successful', 'response_time': '2025-04-03T14:16:02.5751305Z', 'data': {'id': 1326656}}
Stream 17374 Response: 200, {'status': 200, 'description': 'Operation successful', 'response_time': '2025-04-03T14:16:03.1929701Z', 'data': {'id': 1326657}}
Stream 17374 Response: 200, {'status': 200, 'description': 'Operation successful', 'response_time': '2025-04-03T14:16:03.5574978Z', 'data': {'id': 1326658}}
Stream 17374 Response: 200, {'status': 200, 'description': 'Operation successful', 'response_time': '2025-04-03T14:16:04.1622478Z', 'data': {'id': 1326659}}
Stream 17374 Response: 200, {'status': 200, 'description': 'Operation successful', 'response_time': '2025-04-03T14:16:04.5490227Z', 'data': {'id': 1326660}}
Stream 17374 Response: 200, {'status': 200, 'description': 'Operation successful', 'response_time': '2025-04-03T14:16:05.4279855Z', 'data': {'id': 1326661}}
Stream 17374 Response: 200, {'status': 200, 'description': 'Operation successful', 'response_time': '2025-04-03T14:16:05.7748743Z', 'data': {'id': 1326662}}
Stream 17374 Response: 200, {'status': 200, 'description': 'Operation successful', 'response_time': '2025-04-03T14:16:07.3217532Z', 'data': {'id': 1326663}}
Stream 17374 Response: 200, {'status': 200, 'description': 'Operation successful', 'response_time': '2025-04-03T14:16:07.9268709Z', 'data': {'id': 1326664}}
Stream 17374 Response: 200, {'status': 200, 'description': 'Operation successful', 'response_time': '2025-04-03T14:16:08.6028969Z', 'data': {'id': 1326665}}
Stream 17374 Response: 200, {'status': 200, 'description': 'Operation successful', 'response_time': '2025-04-03T14:16:10.0742788Z', 'data': {'id': 1326666}}
Stream 17374 Response: 200, {'status': 200, 'description': 'Operation successful', 'response_time': '2025-04-03T14:16:11.0394319Z', 'data': {'id': 1326667}}
Stream 17374 Response: 200, {'status': 200, 'description': 'Operation successful', 'response_time': '2025-04-03T14:16:11.6954038Z', 'data': {'id': 1326668}}
Stream 17374 Response: 200, {'status': 200, 'description': 'Operation successful', 'response_time': '2025-04-03T14:16:12.3656015Z', 'data': {'id': 1326669}}
Stream 17374 Response: 200, {'status': 200, 'description': 'Operation successful', 'response_time': '2025-04-03T14:16:13.0195261Z', 'data': {'id': 1326670}}
Stream 17374 Response: 200, {'status': 200, 'description': 'Operation successful', 'response_time': '2025-04-03T14:16:13.657372Z', 'data': {'id': 1326671}}
Stream 17374 Response: 200, {'status': 200, 'description': 'Operation successful', 'response_time': '2025-04-03T14:16:14.0588513Z', 'data': {'id': 1326672}}
Stream 17374 Response: 200, {'status': 200, 'description': 'Operation successful', 'response_time': '2025-04-03T14:16:14.7981946Z', 'data': {'id': 1326673}}
Stream 17374 Response: 200, {'status': 200, 'description': 'Operation successful', 'response_time': '2025-04-03T14:16:15.4735953Z', 'data': {'id': 1326674}}
Stream 17374 Response: 200, {'status': 200, 'description': 'Operation successful', 'response_time': '2025-04-03T14:16:16.0570163Z', 'data': {'id': 1326675}}
Stream 17374 Response: 200, {'status': 200, 'description': 'Operation successful', 'response_time': '2025-04-03T14:16:16.751819Z', 'data': {'id': 1326676}}
Stream 17374 Response: 200, {'status': 200, 'description': 'Operation successful', 'response_time': '2025-04-03T14:16:17.4387892Z', 'data': {'id': 1326677}}
Stream 17374 Response: 200, {'status': 200, 'description': 'Operation successful', 'response_time': '2025-04-03T14:16:18.1034056Z', 'data': {'id': 1326678}}
Stream 17374 Response: 200, {'status': 200, 'description': 'Operation successful', 'response_time': '2025-04-03T14:16:18.724348Z', 'data': {'id': 1326679}}
Stream 17374 Response: 200, {'status': 200, 'description': 'Operation successful', 'response_time': '2025-04-03T14:16:19.0741186Z', 'data': {'id': 1326680}}
Stream 17374 Response: 200, {'status': 200, 'description': 'Operation successful', 'response_time': '2025-04-03T14:16:19.7467326Z', 'data': {'id': 1326681}}
Stream 17374 Response: 200, {'status': 200, 'description': 'Operation successful', 'response_time': '2025-04-03T14:16:21.1296356Z', 'data': {'id': 1326682}}
Stream 17374 Response: 200, {'status': 200, 'description': 'Operation successful', 'response_time': '2025-04-03T14:16:22.9991175Z', 'data': {'id': 1326683}}
Stream 17374 Response: 200, {'status': 200, 'description': 'Operation successful', 'response_time': '2025-04-03T14:16:23.3707576Z', 'data': {'id': 1326684}}
Stream 17374 Response: 200, {'status': 200, 'description': 'Operation successful', 'response_time': '2025-04-03T14:16:23.9990885Z', 'data': {'id': 1326685}}
Stream 17374 Response: 200, {'status': 200, 'description': 'Operation successful', 'response_time': '2025-04-03T14:16:24.3395435Z', 'data': {'id': 1326686}}
Stream 17374 Response: 200, {'status': 200, 'description': 'Operation successful', 'response_time': '2025-04-03T14:16:25.1042865Z', 'data': {'id': 1326687}}
Stream 17374 Response: 200, {'status': 200, 'description': 'Operation successful', 'response_time': '2025-04-03T14:16:25.7721342Z', 'data': {'id': 1326688}}
Stream 17374 Response: 200, {'status': 200, 'description': 'Operation successful', 'response_time': '2025-04-03T14:16:26.381935Z', 'data': {'id': 1326689}}
Stream 17374 Response: 200, {'status': 200, 'description': 'Operation successful', 'response_time': '2025-04-03T14:16:26.7504481Z', 'data': {'id': 1326690}}
Stream 17374 Response: 200, {'status': 200, 'description': 'Operation successful', 'response_time': '2025-04-03T14:16:27.3232574Z', 'data': {'id': 1326691}}
Stream 17374 Response: 200, {'status': 200, 'description': 'Operation successful', 'response_time': '2025-04-03T14:16:27.6681732Z', 'data': {'id': 1326692}}
Stream 17374 Response: 200, {'status': 200, 'description': 'Operation successful', 'response_time': '2025-04-03T14:16:28.3319984Z', 'data': {'id': 1326693}}
Stream 17374 Response: 200, {'status': 200, 'description': 'Operation successful', 'response_time': '2025-04-03T14:16:28.989702Z', 'data': {'id': 1326694}}
Stream 17374 Response: 200, {'status': 200, 'description': 'Operation successful', 'response_time': '2025-04-03T14:16:29.5918363Z', 'data': {'id': 1326695}}
Stream 17374 Response: 200, {'status': 200, 'description': 'Operation successful', 'response_time': '2025-04-03T14:16:29.9448096Z', 'data': {'id': 1326696}}
Stream 17374 Response: 200, {'status': 200, 'description': 'Operation successful', 'response_time': '2025-04-03T14:16:30.5273731Z', 'data': {'id': 1326697}}
Stream 17374 Response: 200, {'status': 200, 'description': 'Operation successful', 'response_time': '2025-04-03T14:16:30.867384Z', 'data': {'id': 1326698}}
Stream 17374 Response: 200, {'status': 200, 'description': 'Operation successful', 'response_time': '2025-04-03T14:16:31.5171354Z', 'data': {'id': 1326699}}
Stream 17374 Response: 200, {'status': 200, 'description': 'Operation successful', 'response_time': '2025-04-03T14:16:31.8993853Z', 'data': {'id': 1326700}}
Stream 17374 Response: 200, {'status': 200, 'description': 'Operation successful', 'response_time': '2025-04-03T14:16:33.5143413Z', 'data': {'id': 1326701}}
Stream 17374 Response: 200, {'status': 200, 'description': 'Operation successful', 'response_time': '2025-04-03T14:16:33.88967Z', 'data': {'id': 1326702}}
Stream 17374 Response: 200, {'status': 200, 'description': 'Operation successful', 'response_time': '2025-04-03T14:16:34.5963516Z', 'data': {'id': 1326703}}
Stream 17374 Response: 200, {'status': 200, 'description': 'Operation successful', 'response_time': '2025-04-03T14:16:34.9819657Z', 'data': {'id': 1326704}}
Stream 17374 Response: 200, {'status': 200, 'description': 'Operation successful', 'response_time': '2025-04-03T14:16:35.6404126Z', 'data': {'id': 1326705}}
Stream 17374 Response: 200, {'status': 200, 'description': 'Operation successful', 'response_time': '2025-04-03T14:16:36.0116614Z', 'data': {'id': 1326706}}
Stream 17374 Response: 200, {'status': 200, 'description': 'Operation successful', 'response_time': '2025-04-03T14:16:36.6587279Z', 'data': {'id': 1326707}}
Stream 17374 Response: 200, {'status': 200, 'description': 'Operation successful', 'response_time': '2025-04-03T14:16:37.0210477Z', 'data': {'id': 1326708}}
Stream 17374 Response: 200, {'status': 200, 'description': 'Operation successful', 'response_time': '2025-04-03T14:16:37.6738596Z', 'data': {'id': 1326709}}
Stream 17374 Response: 200, {'status': 200, 'description': 'Operation successful', 'response_time': '2025-04-03T14:16:38.0449661Z', 'data': {'id': 1326710}}
Stream 17374 Response: 200, {'status': 200, 'description': 'Operation successful', 'response_time': '2025-04-03T14:16:38.6647316Z', 'data': {'id': 1326711}}
Stream 17374 Response: 200, {'status': 200, 'description': 'Operation successful', 'response_time': '2025-04-03T14:16:39.0145357Z', 'data': {'id': 1326712}}
Stream 17374 Response: 200, {'status': 200, 'description': 'Operation successful', 'response_time': '2025-04-03T14:16:39.580367Z', 'data': {'id': 1326713}}
Stream 17374 Response: 200, {'status': 200, 'description': 'Operation successful', 'response_time': '2025-04-03T14:16:40.9410153Z', 'data': {'id': 1326714}}
Stream 17374 Response: 200, {'status': 200, 'description': 'Operation successful', 'response_time': '2025-04-03T14:16:41.7177494Z', 'data': {'id': 1326715}}
Stream 17374 Response: 200, {'status': 200, 'description': 'Operation successful', 'response_time': '2025-04-03T14:16:42.0812317Z', 'data': {'id': 1326716}}
Stream 17374 Response: 200, {'status': 200, 'description': 'Operation successful', 'response_time': '2025-04-03T14:16:42.7434838Z', 'data': {'id': 1326717}}
Stream 17374 Response: 200, {'status': 200, 'description': 'Operation successful', 'response_time': '2025-04-03T14:16:43.0929578Z', 'data': {'id': 1326718}}
Stream 17374 Response: 200, {'status': 200, 'description': 'Operation successful', 'response_time': '2025-04-03T14:16:43.6709266Z', 'data': {'id': 1326719}}
Stream 17374 Response: 200, {'status': 200, 'description': 'Operation successful', 'response_time': '2025-04-03T14:16:44.0287013Z', 'data': {'id': 1326720}}
Stream 17374 Response: 200, {'status': 200, 'description': 'Operation successful', 'response_time': '2025-04-03T14:16:44.5939775Z', 'data': {'id': 1326721}}
Stream 17374 Response: 200, {'status': 200, 'description': 'Operation successful', 'response_time': '2025-04-03T14:16:44.9366117Z', 'data': {'id': 1326722}}
Stream 17374 Response: 200, {'status': 200, 'description': 'Operation successful', 'response_time': '2025-04-03T14:16:45.6470108Z', 'data': {'id': 1326723}}
Stream 17374 Response: 200, {'status': 200, 'description': 'Operation successful', 'response_time': '2025-04-03T14:16:46.0051328Z', 'data': {'id': 1326724}}
Stream 17374 Response: 200, {'status': 200, 'description': 'Operation successful', 'response_time': '2025-04-03T14:16:46.5508644Z', 'data': {'id': 1326725}}
Stream 17374 Response: 200, {'status': 200, 'description': 'Operation successful', 'response_time': '2025-04-03T14:16:47.9195114Z', 'data': {'id': 1326726}}
Stream 17374 Response: 200, {'status': 200, 'description': 'Operation successful', 'response_time': '2025-04-03T14:16:48.5726744Z', 'data': {'id': 1326727}}
Stream 17374 Response: 200, {'status': 200, 'description': 'Operation successful', 'response_time': '2025-04-03T14:16:48.974028Z', 'data': {'id': 1326728}}
Stream 17374 Response: 200, {'status': 200, 'description': 'Operation successful', 'response_time': '2025-04-03T14:16:49.8442969Z', 'data': {'id': 1326729}}
Stream 17374 Response: 200, {'status': 200, 'description': 'Operation successful', 'response_time': '2025-04-03T14:16:50.2360699Z', 'data': {'id': 1326730}}
Stream 17374 Response: 200, {'status': 200, 'description': 'Operation successful', 'response_time': '2025-04-03T14:16:50.8627814Z', 'data': {'id': 1326731}}
Stream 17374 Response: 200, {'status': 200, 'description': 'Operation successful', 'response_time': '2025-04-03T14:16:51.2137783Z', 'data': {'id': 1326732}}
Stream 17374 Response: 200, {'status': 200, 'description': 'Operation successful', 'response_time': '2025-04-03T14:16:51.8699597Z', 'data': {'id': 1326733}}
Stream 17374 Response: 200, {'status': 200, 'description': 'Operation successful', 'response_time': '2025-04-03T14:16:52.4087504Z', 'data': {'id': 1326734}}
Stream 17374 Response: 200, {'status': 200, 'description': 'Operation successful', 'response_time': '2025-04-03T14:16:53.0161371Z', 'data': {'id': 1326735}}
Stream 17374 Response: 200, {'status': 200, 'description': 'Operation successful', 'response_time': '2025-04-03T14:16:53.3763612Z', 'data': {'id': 1326736}}
Stream 17374 Response: 200, {'status': 200, 'description': 'Operation successful', 'response_time': '2025-04-03T14:16:54.0659914Z', 'data': {'id': 1326737}}
Stream 17374 Response: 200, {'status': 200, 'description': 'Operation successful', 'response_time': '2025-04-03T14:16:54.4636643Z', 'data': {'id': 1326738}}
Stream 17374 Response: 200, {'status': 200, 'description': 'Operation successful', 'response_time': '2025-04-03T14:16:55.360777Z', 'data': {'id': 1326739}}
Stream 17374 Response: 200, {'status': 200, 'description': 'Operation successful', 'response_time': '2025-04-03T14:16:55.6993315Z', 'data': {'id': 1326740}}
Stream 17374 Response: 200, {'status': 200, 'description': 'Operation successful', 'response_time': '2025-04-03T14:16:56.4079642Z', 'data': {'id': 1326741}}
Stream 17374 Response: 200, {'status': 200, 'description': 'Operation successful', 'response_time': '2025-04-03T14:16:56.7599589Z', 'data': {'id': 1326742}}
Stream 17374 Response: 200, {'status': 200, 'description': 'Operation successful', 'response_time': '2025-04-03T14:16:57.4179211Z', 'data': {'id': 1326743}}
Stream 17374 Response: 200, {'status': 200, 'description': 'Operation successful', 'response_time': '2025-04-03T14:16:57.7743314Z', 'data': {'id': 1326744}}
Stream 17374 Response: 200, {'status': 200, 'description': 'Operation successful', 'response_time': '2025-04-03T14:16:58.3315743Z', 'data': {'id': 1326745}}
Stream 17374 Response: 200, {'status': 200, 'description': 'Operation successful', 'response_time': '2025-04-03T14:16:58.9605796Z', 'data': {'id': 1326746}}
Stream 17374 Response: 200, {'status': 200, 'description': 'Operation successful', 'response_time': '2025-04-03T14:16:59.5265386Z', 'data': {'id': 1326747}}
Stream 17374 Response: 200, {'status': 200, 'description': 'Operation successful', 'response_time': '2025-04-03T14:17:00.8094232Z', 'data': {'id': 1326748}}
Stream 17374 Response: 200, {'status': 200, 'description': 'Operation successful', 'response_time': '2025-04-03T14:17:01.6571266Z', 'data': {'id': 1326749}}
Stream 17374 Response: 200, {'status': 200, 'description': 'Operation successful', 'response_time': '2025-04-03T14:17:02.0843796Z', 'data': {'id': 1326750}}
Stream 17374 Response: 200, {'status': 200, 'description': 'Operation successful', 'response_time': '2025-04-03T14:17:02.9827308Z', 'data': {'id': 1326751}}
Stream 17374 Response: 200, {'status': 200, 'description': 'Operation successful', 'response_time': '2025-04-03T14:17:03.3713833Z', 'data': {'id': 1326752}}
Stream 17374 Response: 200, {'status': 200, 'description': 'Operation successful', 'response_time': '2025-04-03T14:17:03.9976354Z', 'data': {'id': 1326753}}
Stream 17374 Response: 200, {'status': 200, 'description': 'Operation successful', 'response_time': '2025-04-03T14:17:04.4624122Z', 'data': {'id': 1326754}}
Stream 17374 Response: 200, {'status': 200, 'description': 'Operation successful', 'response_time': '2025-04-03T14:17:05.2127055Z', 'data': {'id': 1326755}}
Stream 17374 Response: 200, {'status': 200, 'description': 'Operation successful', 'response_time': '2025-04-03T14:17:05.5748199Z', 'data': {'id': 1326756}}
Stream 17374 Response: 200, {'status': 200, 'description': 'Operation successful', 'response_time': '2025-04-03T14:17:06.2157683Z', 'data': {'id': 1326757}}
Stream 17374 Response: 200, {'status': 200, 'description': 'Operation successful', 'response_time': '2025-04-03T14:17:06.6115911Z', 'data': {'id': 1326758}}
Stream 17374 Response: 200, {'status': 200, 'description': 'Operation successful', 'response_time': '2025-04-03T14:17:07.1924701Z', 'data': {'id': 1326759}}
Stream 17374 Response: 200, {'status': 200, 'description': 'Operation successful', 'response_time': '2025-04-03T14:17:08.0888692Z', 'data': {'id': 1326760}}
Stream 17374 Response: 200, {'status': 200, 'description': 'Operation successful', 'response_time': '2025-04-03T14:17:08.6878581Z', 'data': {'id': 1326761}}
